<?xml version="1.0" encoding="UTF-8"?>
<testsuite xmlns:xsi="http://www.w3.org/2001/XMLSchema-instance" xsi:noNamespaceSchemaLocation="https://maven.apache.org/surefire/maven-surefire-plugin/xsd/surefire-test-report.xsd" version="3.0.2" name="ru.yuzhakov.subscriber.SubscriberApplicationTests" time="8.372" tests="9" errors="0" skipped="0" failures="0">
  <properties>
    <property name="java.specification.version" value="23"/>
    <property name="sun.jnu.encoding" value="UTF-8"/>
    <property name="java.class.path" value="/media/yuzhakovmihail/DATA/subscriber/target/test-classes:/media/yuzhakovmihail/DATA/subscriber/target/classes:/home/yuzhakovmihail/.m2/repository/org/springframework/boot/spring-boot-starter-data-jpa/3.4.5/spring-boot-starter-data-jpa-3.4.5.jar:/home/yuzhakovmihail/.m2/repository/org/springframework/boot/spring-boot-starter/3.4.5/spring-boot-starter-3.4.5.jar:/home/yuzhakovmihail/.m2/repository/org/springframework/boot/spring-boot/3.4.5/spring-boot-3.4.5.jar:/home/yuzhakovmihail/.m2/repository/org/springframework/boot/spring-boot-autoconfigure/3.4.5/spring-boot-autoconfigure-3.4.5.jar:/home/yuzhakovmihail/.m2/repository/org/springframework/boot/spring-boot-starter-logging/3.4.5/spring-boot-starter-logging-3.4.5.jar:/home/yuzhakovmihail/.m2/repository/ch/qos/logback/logback-classic/1.5.18/logback-classic-1.5.18.jar:/home/yuzhakovmihail/.m2/repository/ch/qos/logback/logback-core/1.5.18/logback-core-1.5.18.jar:/home/yuzhakovmihail/.m2/repository/org/apache/logging/log4j/log4j-to-slf4j/2.24.3/log4j-to-slf4j-2.24.3.jar:/home/yuzhakovmihail/.m2/repository/org/apache/logging/log4j/log4j-api/2.24.3/log4j-api-2.24.3.jar:/home/yuzhakovmihail/.m2/repository/org/slf4j/jul-to-slf4j/2.0.17/jul-to-slf4j-2.0.17.jar:/home/yuzhakovmihail/.m2/repository/jakarta/annotation/jakarta.annotation-api/2.1.1/jakarta.annotation-api-2.1.1.jar:/home/yuzhakovmihail/.m2/repository/org/springframework/boot/spring-boot-starter-jdbc/3.4.5/spring-boot-starter-jdbc-3.4.5.jar:/home/yuzhakovmihail/.m2/repository/com/zaxxer/HikariCP/5.1.0/HikariCP-5.1.0.jar:/home/yuzhakovmihail/.m2/repository/org/springframework/spring-jdbc/6.2.6/spring-jdbc-6.2.6.jar:/home/yuzhakovmihail/.m2/repository/org/hibernate/orm/hibernate-core/6.6.13.Final/hibernate-core-6.6.13.Final.jar:/home/yuzhakovmihail/.m2/repository/jakarta/persistence/jakarta.persistence-api/3.1.0/jakarta.persistence-api-3.1.0.jar:/home/yuzhakovmihail/.m2/repository/jakarta/transaction/jakarta.transaction-api/2.0.1/jakarta.transaction-api-2.0.1.jar:/home/yuzhakovmihail/.m2/repository/org/jboss/logging/jboss-logging/3.6.1.Final/jboss-logging-3.6.1.Final.jar:/home/yuzhakovmihail/.m2/repository/org/hibernate/common/hibernate-commons-annotations/7.0.3.Final/hibernate-commons-annotations-7.0.3.Final.jar:/home/yuzhakovmihail/.m2/repository/io/smallrye/jandex/3.2.0/jandex-3.2.0.jar:/home/yuzhakovmihail/.m2/repository/com/fasterxml/classmate/1.7.0/classmate-1.7.0.jar:/home/yuzhakovmihail/.m2/repository/net/bytebuddy/byte-buddy/1.15.11/byte-buddy-1.15.11.jar:/home/yuzhakovmihail/.m2/repository/org/glassfish/jaxb/jaxb-runtime/4.0.5/jaxb-runtime-4.0.5.jar:/home/yuzhakovmihail/.m2/repository/org/glassfish/jaxb/jaxb-core/4.0.5/jaxb-core-4.0.5.jar:/home/yuzhakovmihail/.m2/repository/org/eclipse/angus/angus-activation/2.0.2/angus-activation-2.0.2.jar:/home/yuzhakovmihail/.m2/repository/org/glassfish/jaxb/txw2/4.0.5/txw2-4.0.5.jar:/home/yuzhakovmihail/.m2/repository/com/sun/istack/istack-commons-runtime/4.1.2/istack-commons-runtime-4.1.2.jar:/home/yuzhakovmihail/.m2/repository/jakarta/inject/jakarta.inject-api/2.0.1/jakarta.inject-api-2.0.1.jar:/home/yuzhakovmihail/.m2/repository/org/antlr/antlr4-runtime/4.13.0/antlr4-runtime-4.13.0.jar:/home/yuzhakovmihail/.m2/repository/org/springframework/data/spring-data-jpa/3.4.5/spring-data-jpa-3.4.5.jar:/home/yuzhakovmihail/.m2/repository/org/springframework/data/spring-data-commons/3.4.5/spring-data-commons-3.4.5.jar:/home/yuzhakovmihail/.m2/repository/org/springframework/spring-orm/6.2.6/spring-orm-6.2.6.jar:/home/yuzhakovmihail/.m2/repository/org/springframework/spring-context/6.2.6/spring-context-6.2.6.jar:/home/yuzhakovmihail/.m2/repository/org/springframework/spring-aop/6.2.6/spring-aop-6.2.6.jar:/home/yuzhakovmihail/.m2/repository/org/springframework/spring-tx/6.2.6/spring-tx-6.2.6.jar:/home/yuzhakovmihail/.m2/repository/org/springframework/spring-beans/6.2.6/spring-beans-6.2.6.jar:/home/yuzhakovmihail/.m2/repository/org/slf4j/slf4j-api/2.0.17/slf4j-api-2.0.17.jar:/home/yuzhakovmihail/.m2/repository/org/springframework/spring-aspects/6.2.6/spring-aspects-6.2.6.jar:/home/yuzhakovmihail/.m2/repository/org/aspectj/aspectjweaver/1.9.24/aspectjweaver-1.9.24.jar:/home/yuzhakovmihail/.m2/repository/org/springframework/boot/spring-boot-starter-data-jdbc/3.4.5/spring-boot-starter-data-jdbc-3.4.5.jar:/home/yuzhakovmihail/.m2/repository/org/springframework/data/spring-data-jdbc/3.4.5/spring-data-jdbc-3.4.5.jar:/home/yuzhakovmihail/.m2/repository/org/springframework/data/spring-data-relational/3.4.5/spring-data-relational-3.4.5.jar:/home/yuzhakovmihail/.m2/repository/org/springframework/boot/spring-boot-starter-validation/3.4.5/spring-boot-starter-validation-3.4.5.jar:/home/yuzhakovmihail/.m2/repository/org/apache/tomcat/embed/tomcat-embed-el/10.1.40/tomcat-embed-el-10.1.40.jar:/home/yuzhakovmihail/.m2/repository/org/hibernate/validator/hibernate-validator/8.0.2.Final/hibernate-validator-8.0.2.Final.jar:/home/yuzhakovmihail/.m2/repository/jakarta/validation/jakarta.validation-api/3.0.2/jakarta.validation-api-3.0.2.jar:/home/yuzhakovmihail/.m2/repository/org/springframework/boot/spring-boot-starter-web/3.4.5/spring-boot-starter-web-3.4.5.jar:/home/yuzhakovmihail/.m2/repository/org/springframework/boot/spring-boot-starter-json/3.4.5/spring-boot-starter-json-3.4.5.jar:/home/yuzhakovmihail/.m2/repository/com/fasterxml/jackson/core/jackson-databind/2.18.3/jackson-databind-2.18.3.jar:/home/yuzhakovmihail/.m2/repository/com/fasterxml/jackson/core/jackson-annotations/2.18.3/jackson-annotations-2.18.3.jar:/home/yuzhakovmihail/.m2/repository/com/fasterxml/jackson/core/jackson-core/2.18.3/jackson-core-2.18.3.jar:/home/yuzhakovmihail/.m2/repository/com/fasterxml/jackson/datatype/jackson-datatype-jdk8/2.18.3/jackson-datatype-jdk8-2.18.3.jar:/home/yuzhakovmihail/.m2/repository/com/fasterxml/jackson/datatype/jackson-datatype-jsr310/2.18.3/jackson-datatype-jsr310-2.18.3.jar:/home/yuzhakovmihail/.m2/repository/com/fasterxml/jackson/module/jackson-module-parameter-names/2.18.3/jackson-module-parameter-names-2.18.3.jar:/home/yuzhakovmihail/.m2/repository/org/springframework/boot/spring-boot-starter-tomcat/3.4.5/spring-boot-starter-tomcat-3.4.5.jar:/home/yuzhakovmihail/.m2/repository/org/apache/tomcat/embed/tomcat-embed-core/10.1.40/tomcat-embed-core-10.1.40.jar:/home/yuzhakovmihail/.m2/repository/org/apache/tomcat/embed/tomcat-embed-websocket/10.1.40/tomcat-embed-websocket-10.1.40.jar:/home/yuzhakovmihail/.m2/repository/org/springframework/spring-web/6.2.6/spring-web-6.2.6.jar:/home/yuzhakovmihail/.m2/repository/io/micrometer/micrometer-observation/1.14.6/micrometer-observation-1.14.6.jar:/home/yuzhakovmihail/.m2/repository/io/micrometer/micrometer-commons/1.14.6/micrometer-commons-1.14.6.jar:/home/yuzhakovmihail/.m2/repository/org/springframework/spring-webmvc/6.2.6/spring-webmvc-6.2.6.jar:/home/yuzhakovmihail/.m2/repository/org/springframework/spring-expression/6.2.6/spring-expression-6.2.6.jar:/home/yuzhakovmihail/.m2/repository/org/projectlombok/lombok/1.18.38/lombok-1.18.38.jar:/home/yuzhakovmihail/.m2/repository/org/postgresql/postgresql/42.7.5/postgresql-42.7.5.jar:/home/yuzhakovmihail/.m2/repository/org/checkerframework/checker-qual/3.48.3/checker-qual-3.48.3.jar:/home/yuzhakovmihail/.m2/repository/org/liquibase/liquibase-core/4.29.2/liquibase-core-4.29.2.jar:/home/yuzhakovmihail/.m2/repository/com/opencsv/opencsv/5.9/opencsv-5.9.jar:/home/yuzhakovmihail/.m2/repository/org/yaml/snakeyaml/2.3/snakeyaml-2.3.jar:/home/yuzhakovmihail/.m2/repository/javax/xml/bind/jaxb-api/2.3.1/jaxb-api-2.3.1.jar:/home/yuzhakovmihail/.m2/repository/commons-io/commons-io/2.16.1/commons-io-2.16.1.jar:/home/yuzhakovmihail/.m2/repository/org/apache/commons/commons-collections4/4.4/commons-collections4-4.4.jar:/home/yuzhakovmihail/.m2/repository/org/apache/commons/commons-text/1.12.0/commons-text-1.12.0.jar:/home/yuzhakovmihail/.m2/repository/org/apache/commons/commons-lang3/3.17.0/commons-lang3-3.17.0.jar:/home/yuzhakovmihail/.m2/repository/org/springframework/boot/spring-boot-starter-test/3.4.5/spring-boot-starter-test-3.4.5.jar:/home/yuzhakovmihail/.m2/repository/org/springframework/boot/spring-boot-test/3.4.5/spring-boot-test-3.4.5.jar:/home/yuzhakovmihail/.m2/repository/org/springframework/boot/spring-boot-test-autoconfigure/3.4.5/spring-boot-test-autoconfigure-3.4.5.jar:/home/yuzhakovmihail/.m2/repository/com/jayway/jsonpath/json-path/2.9.0/json-path-2.9.0.jar:/home/yuzhakovmihail/.m2/repository/jakarta/xml/bind/jakarta.xml.bind-api/4.0.2/jakarta.xml.bind-api-4.0.2.jar:/home/yuzhakovmihail/.m2/repository/jakarta/activation/jakarta.activation-api/2.1.3/jakarta.activation-api-2.1.3.jar:/home/yuzhakovmihail/.m2/repository/net/minidev/json-smart/2.5.2/json-smart-2.5.2.jar:/home/yuzhakovmihail/.m2/repository/net/minidev/accessors-smart/2.5.2/accessors-smart-2.5.2.jar:/home/yuzhakovmihail/.m2/repository/org/ow2/asm/asm/9.7.1/asm-9.7.1.jar:/home/yuzhakovmihail/.m2/repository/org/assertj/assertj-core/3.26.3/assertj-core-3.26.3.jar:/home/yuzhakovmihail/.m2/repository/org/awaitility/awaitility/4.2.2/awaitility-4.2.2.jar:/home/yuzhakovmihail/.m2/repository/org/hamcrest/hamcrest/2.2/hamcrest-2.2.jar:/home/yuzhakovmihail/.m2/repository/org/junit/jupiter/junit-jupiter/5.11.4/junit-jupiter-5.11.4.jar:/home/yuzhakovmihail/.m2/repository/org/junit/jupiter/junit-jupiter-api/5.11.4/junit-jupiter-api-5.11.4.jar:/home/yuzhakovmihail/.m2/repository/org/opentest4j/opentest4j/1.3.0/opentest4j-1.3.0.jar:/home/yuzhakovmihail/.m2/repository/org/junit/platform/junit-platform-commons/1.11.4/junit-platform-commons-1.11.4.jar:/home/yuzhakovmihail/.m2/repository/org/apiguardian/apiguardian-api/1.1.2/apiguardian-api-1.1.2.jar:/home/yuzhakovmihail/.m2/repository/org/junit/jupiter/junit-jupiter-params/5.11.4/junit-jupiter-params-5.11.4.jar:/home/yuzhakovmihail/.m2/repository/org/junit/jupiter/junit-jupiter-engine/5.11.4/junit-jupiter-engine-5.11.4.jar:/home/yuzhakovmihail/.m2/repository/org/junit/platform/junit-platform-engine/1.11.4/junit-platform-engine-1.11.4.jar:/home/yuzhakovmihail/.m2/repository/org/mockito/mockito-core/5.14.2/mockito-core-5.14.2.jar:/home/yuzhakovmihail/.m2/repository/net/bytebuddy/byte-buddy-agent/1.15.11/byte-buddy-agent-1.15.11.jar:/home/yuzhakovmihail/.m2/repository/org/objenesis/objenesis/3.3/objenesis-3.3.jar:/home/yuzhakovmihail/.m2/repository/org/mockito/mockito-junit-jupiter/5.14.2/mockito-junit-jupiter-5.14.2.jar:/home/yuzhakovmihail/.m2/repository/org/skyscreamer/jsonassert/1.5.3/jsonassert-1.5.3.jar:/home/yuzhakovmihail/.m2/repository/com/vaadin/external/google/android-json/0.0.20131108.vaadin1/android-json-0.0.20131108.vaadin1.jar:/home/yuzhakovmihail/.m2/repository/org/springframework/spring-core/6.2.6/spring-core-6.2.6.jar:/home/yuzhakovmihail/.m2/repository/org/springframework/spring-jcl/6.2.6/spring-jcl-6.2.6.jar:/home/yuzhakovmihail/.m2/repository/org/springframework/spring-test/6.2.6/spring-test-6.2.6.jar:/home/yuzhakovmihail/.m2/repository/org/xmlunit/xmlunit-core/2.10.0/xmlunit-core-2.10.0.jar:"/>
    <property name="java.vm.vendor" value="Oracle Corporation"/>
    <property name="sun.arch.data.model" value="64"/>
    <property name="java.vendor.url" value="https://java.oracle.com/"/>
    <property name="user.timezone" value="Europe/Moscow"/>
    <property name="org.jboss.logging.provider" value="slf4j"/>
    <property name="os.name" value="Linux"/>
    <property name="java.vm.specification.version" value="23"/>
    <property name="APPLICATION_NAME" value="subscriber"/>
    <property name="sun.java.launcher" value="SUN_STANDARD"/>
    <property name="user.country" value="RU"/>
    <property name="sun.boot.library.path" value="/home/yuzhakovmihail/.jdks/openjdk-23.0.2/lib"/>
    <property name="sun.java.command" value="/media/yuzhakovmihail/DATA/subscriber/target/surefire/surefirebooter-20250516210129418_3.jar /media/yuzhakovmihail/DATA/subscriber/target/surefire 2025-05-16T21-01-29_324-jvmRun1 surefire-20250516210129418_1tmp surefire_0-20250516210129418_2tmp"/>
    <property name="jdk.debug" value="release"/>
    <property name="surefire.test.class.path" value="/media/yuzhakovmihail/DATA/subscriber/target/test-classes:/media/yuzhakovmihail/DATA/subscriber/target/classes:/home/yuzhakovmihail/.m2/repository/org/springframework/boot/spring-boot-starter-data-jpa/3.4.5/spring-boot-starter-data-jpa-3.4.5.jar:/home/yuzhakovmihail/.m2/repository/org/springframework/boot/spring-boot-starter/3.4.5/spring-boot-starter-3.4.5.jar:/home/yuzhakovmihail/.m2/repository/org/springframework/boot/spring-boot/3.4.5/spring-boot-3.4.5.jar:/home/yuzhakovmihail/.m2/repository/org/springframework/boot/spring-boot-autoconfigure/3.4.5/spring-boot-autoconfigure-3.4.5.jar:/home/yuzhakovmihail/.m2/repository/org/springframework/boot/spring-boot-starter-logging/3.4.5/spring-boot-starter-logging-3.4.5.jar:/home/yuzhakovmihail/.m2/repository/ch/qos/logback/logback-classic/1.5.18/logback-classic-1.5.18.jar:/home/yuzhakovmihail/.m2/repository/ch/qos/logback/logback-core/1.5.18/logback-core-1.5.18.jar:/home/yuzhakovmihail/.m2/repository/org/apache/logging/log4j/log4j-to-slf4j/2.24.3/log4j-to-slf4j-2.24.3.jar:/home/yuzhakovmihail/.m2/repository/org/apache/logging/log4j/log4j-api/2.24.3/log4j-api-2.24.3.jar:/home/yuzhakovmihail/.m2/repository/org/slf4j/jul-to-slf4j/2.0.17/jul-to-slf4j-2.0.17.jar:/home/yuzhakovmihail/.m2/repository/jakarta/annotation/jakarta.annotation-api/2.1.1/jakarta.annotation-api-2.1.1.jar:/home/yuzhakovmihail/.m2/repository/org/springframework/boot/spring-boot-starter-jdbc/3.4.5/spring-boot-starter-jdbc-3.4.5.jar:/home/yuzhakovmihail/.m2/repository/com/zaxxer/HikariCP/5.1.0/HikariCP-5.1.0.jar:/home/yuzhakovmihail/.m2/repository/org/springframework/spring-jdbc/6.2.6/spring-jdbc-6.2.6.jar:/home/yuzhakovmihail/.m2/repository/org/hibernate/orm/hibernate-core/6.6.13.Final/hibernate-core-6.6.13.Final.jar:/home/yuzhakovmihail/.m2/repository/jakarta/persistence/jakarta.persistence-api/3.1.0/jakarta.persistence-api-3.1.0.jar:/home/yuzhakovmihail/.m2/repository/jakarta/transaction/jakarta.transaction-api/2.0.1/jakarta.transaction-api-2.0.1.jar:/home/yuzhakovmihail/.m2/repository/org/jboss/logging/jboss-logging/3.6.1.Final/jboss-logging-3.6.1.Final.jar:/home/yuzhakovmihail/.m2/repository/org/hibernate/common/hibernate-commons-annotations/7.0.3.Final/hibernate-commons-annotations-7.0.3.Final.jar:/home/yuzhakovmihail/.m2/repository/io/smallrye/jandex/3.2.0/jandex-3.2.0.jar:/home/yuzhakovmihail/.m2/repository/com/fasterxml/classmate/1.7.0/classmate-1.7.0.jar:/home/yuzhakovmihail/.m2/repository/net/bytebuddy/byte-buddy/1.15.11/byte-buddy-1.15.11.jar:/home/yuzhakovmihail/.m2/repository/org/glassfish/jaxb/jaxb-runtime/4.0.5/jaxb-runtime-4.0.5.jar:/home/yuzhakovmihail/.m2/repository/org/glassfish/jaxb/jaxb-core/4.0.5/jaxb-core-4.0.5.jar:/home/yuzhakovmihail/.m2/repository/org/eclipse/angus/angus-activation/2.0.2/angus-activation-2.0.2.jar:/home/yuzhakovmihail/.m2/repository/org/glassfish/jaxb/txw2/4.0.5/txw2-4.0.5.jar:/home/yuzhakovmihail/.m2/repository/com/sun/istack/istack-commons-runtime/4.1.2/istack-commons-runtime-4.1.2.jar:/home/yuzhakovmihail/.m2/repository/jakarta/inject/jakarta.inject-api/2.0.1/jakarta.inject-api-2.0.1.jar:/home/yuzhakovmihail/.m2/repository/org/antlr/antlr4-runtime/4.13.0/antlr4-runtime-4.13.0.jar:/home/yuzhakovmihail/.m2/repository/org/springframework/data/spring-data-jpa/3.4.5/spring-data-jpa-3.4.5.jar:/home/yuzhakovmihail/.m2/repository/org/springframework/data/spring-data-commons/3.4.5/spring-data-commons-3.4.5.jar:/home/yuzhakovmihail/.m2/repository/org/springframework/spring-orm/6.2.6/spring-orm-6.2.6.jar:/home/yuzhakovmihail/.m2/repository/org/springframework/spring-context/6.2.6/spring-context-6.2.6.jar:/home/yuzhakovmihail/.m2/repository/org/springframework/spring-aop/6.2.6/spring-aop-6.2.6.jar:/home/yuzhakovmihail/.m2/repository/org/springframework/spring-tx/6.2.6/spring-tx-6.2.6.jar:/home/yuzhakovmihail/.m2/repository/org/springframework/spring-beans/6.2.6/spring-beans-6.2.6.jar:/home/yuzhakovmihail/.m2/repository/org/slf4j/slf4j-api/2.0.17/slf4j-api-2.0.17.jar:/home/yuzhakovmihail/.m2/repository/org/springframework/spring-aspects/6.2.6/spring-aspects-6.2.6.jar:/home/yuzhakovmihail/.m2/repository/org/aspectj/aspectjweaver/1.9.24/aspectjweaver-1.9.24.jar:/home/yuzhakovmihail/.m2/repository/org/springframework/boot/spring-boot-starter-data-jdbc/3.4.5/spring-boot-starter-data-jdbc-3.4.5.jar:/home/yuzhakovmihail/.m2/repository/org/springframework/data/spring-data-jdbc/3.4.5/spring-data-jdbc-3.4.5.jar:/home/yuzhakovmihail/.m2/repository/org/springframework/data/spring-data-relational/3.4.5/spring-data-relational-3.4.5.jar:/home/yuzhakovmihail/.m2/repository/org/springframework/boot/spring-boot-starter-validation/3.4.5/spring-boot-starter-validation-3.4.5.jar:/home/yuzhakovmihail/.m2/repository/org/apache/tomcat/embed/tomcat-embed-el/10.1.40/tomcat-embed-el-10.1.40.jar:/home/yuzhakovmihail/.m2/repository/org/hibernate/validator/hibernate-validator/8.0.2.Final/hibernate-validator-8.0.2.Final.jar:/home/yuzhakovmihail/.m2/repository/jakarta/validation/jakarta.validation-api/3.0.2/jakarta.validation-api-3.0.2.jar:/home/yuzhakovmihail/.m2/repository/org/springframework/boot/spring-boot-starter-web/3.4.5/spring-boot-starter-web-3.4.5.jar:/home/yuzhakovmihail/.m2/repository/org/springframework/boot/spring-boot-starter-json/3.4.5/spring-boot-starter-json-3.4.5.jar:/home/yuzhakovmihail/.m2/repository/com/fasterxml/jackson/core/jackson-databind/2.18.3/jackson-databind-2.18.3.jar:/home/yuzhakovmihail/.m2/repository/com/fasterxml/jackson/core/jackson-annotations/2.18.3/jackson-annotations-2.18.3.jar:/home/yuzhakovmihail/.m2/repository/com/fasterxml/jackson/core/jackson-core/2.18.3/jackson-core-2.18.3.jar:/home/yuzhakovmihail/.m2/repository/com/fasterxml/jackson/datatype/jackson-datatype-jdk8/2.18.3/jackson-datatype-jdk8-2.18.3.jar:/home/yuzhakovmihail/.m2/repository/com/fasterxml/jackson/datatype/jackson-datatype-jsr310/2.18.3/jackson-datatype-jsr310-2.18.3.jar:/home/yuzhakovmihail/.m2/repository/com/fasterxml/jackson/module/jackson-module-parameter-names/2.18.3/jackson-module-parameter-names-2.18.3.jar:/home/yuzhakovmihail/.m2/repository/org/springframework/boot/spring-boot-starter-tomcat/3.4.5/spring-boot-starter-tomcat-3.4.5.jar:/home/yuzhakovmihail/.m2/repository/org/apache/tomcat/embed/tomcat-embed-core/10.1.40/tomcat-embed-core-10.1.40.jar:/home/yuzhakovmihail/.m2/repository/org/apache/tomcat/embed/tomcat-embed-websocket/10.1.40/tomcat-embed-websocket-10.1.40.jar:/home/yuzhakovmihail/.m2/repository/org/springframework/spring-web/6.2.6/spring-web-6.2.6.jar:/home/yuzhakovmihail/.m2/repository/io/micrometer/micrometer-observation/1.14.6/micrometer-observation-1.14.6.jar:/home/yuzhakovmihail/.m2/repository/io/micrometer/micrometer-commons/1.14.6/micrometer-commons-1.14.6.jar:/home/yuzhakovmihail/.m2/repository/org/springframework/spring-webmvc/6.2.6/spring-webmvc-6.2.6.jar:/home/yuzhakovmihail/.m2/repository/org/springframework/spring-expression/6.2.6/spring-expression-6.2.6.jar:/home/yuzhakovmihail/.m2/repository/org/projectlombok/lombok/1.18.38/lombok-1.18.38.jar:/home/yuzhakovmihail/.m2/repository/org/postgresql/postgresql/42.7.5/postgresql-42.7.5.jar:/home/yuzhakovmihail/.m2/repository/org/checkerframework/checker-qual/3.48.3/checker-qual-3.48.3.jar:/home/yuzhakovmihail/.m2/repository/org/liquibase/liquibase-core/4.29.2/liquibase-core-4.29.2.jar:/home/yuzhakovmihail/.m2/repository/com/opencsv/opencsv/5.9/opencsv-5.9.jar:/home/yuzhakovmihail/.m2/repository/org/yaml/snakeyaml/2.3/snakeyaml-2.3.jar:/home/yuzhakovmihail/.m2/repository/javax/xml/bind/jaxb-api/2.3.1/jaxb-api-2.3.1.jar:/home/yuzhakovmihail/.m2/repository/commons-io/commons-io/2.16.1/commons-io-2.16.1.jar:/home/yuzhakovmihail/.m2/repository/org/apache/commons/commons-collections4/4.4/commons-collections4-4.4.jar:/home/yuzhakovmihail/.m2/repository/org/apache/commons/commons-text/1.12.0/commons-text-1.12.0.jar:/home/yuzhakovmihail/.m2/repository/org/apache/commons/commons-lang3/3.17.0/commons-lang3-3.17.0.jar:/home/yuzhakovmihail/.m2/repository/org/springframework/boot/spring-boot-starter-test/3.4.5/spring-boot-starter-test-3.4.5.jar:/home/yuzhakovmihail/.m2/repository/org/springframework/boot/spring-boot-test/3.4.5/spring-boot-test-3.4.5.jar:/home/yuzhakovmihail/.m2/repository/org/springframework/boot/spring-boot-test-autoconfigure/3.4.5/spring-boot-test-autoconfigure-3.4.5.jar:/home/yuzhakovmihail/.m2/repository/com/jayway/jsonpath/json-path/2.9.0/json-path-2.9.0.jar:/home/yuzhakovmihail/.m2/repository/jakarta/xml/bind/jakarta.xml.bind-api/4.0.2/jakarta.xml.bind-api-4.0.2.jar:/home/yuzhakovmihail/.m2/repository/jakarta/activation/jakarta.activation-api/2.1.3/jakarta.activation-api-2.1.3.jar:/home/yuzhakovmihail/.m2/repository/net/minidev/json-smart/2.5.2/json-smart-2.5.2.jar:/home/yuzhakovmihail/.m2/repository/net/minidev/accessors-smart/2.5.2/accessors-smart-2.5.2.jar:/home/yuzhakovmihail/.m2/repository/org/ow2/asm/asm/9.7.1/asm-9.7.1.jar:/home/yuzhakovmihail/.m2/repository/org/assertj/assertj-core/3.26.3/assertj-core-3.26.3.jar:/home/yuzhakovmihail/.m2/repository/org/awaitility/awaitility/4.2.2/awaitility-4.2.2.jar:/home/yuzhakovmihail/.m2/repository/org/hamcrest/hamcrest/2.2/hamcrest-2.2.jar:/home/yuzhakovmihail/.m2/repository/org/junit/jupiter/junit-jupiter/5.11.4/junit-jupiter-5.11.4.jar:/home/yuzhakovmihail/.m2/repository/org/junit/jupiter/junit-jupiter-api/5.11.4/junit-jupiter-api-5.11.4.jar:/home/yuzhakovmihail/.m2/repository/org/opentest4j/opentest4j/1.3.0/opentest4j-1.3.0.jar:/home/yuzhakovmihail/.m2/repository/org/junit/platform/junit-platform-commons/1.11.4/junit-platform-commons-1.11.4.jar:/home/yuzhakovmihail/.m2/repository/org/apiguardian/apiguardian-api/1.1.2/apiguardian-api-1.1.2.jar:/home/yuzhakovmihail/.m2/repository/org/junit/jupiter/junit-jupiter-params/5.11.4/junit-jupiter-params-5.11.4.jar:/home/yuzhakovmihail/.m2/repository/org/junit/jupiter/junit-jupiter-engine/5.11.4/junit-jupiter-engine-5.11.4.jar:/home/yuzhakovmihail/.m2/repository/org/junit/platform/junit-platform-engine/1.11.4/junit-platform-engine-1.11.4.jar:/home/yuzhakovmihail/.m2/repository/org/mockito/mockito-core/5.14.2/mockito-core-5.14.2.jar:/home/yuzhakovmihail/.m2/repository/net/bytebuddy/byte-buddy-agent/1.15.11/byte-buddy-agent-1.15.11.jar:/home/yuzhakovmihail/.m2/repository/org/objenesis/objenesis/3.3/objenesis-3.3.jar:/home/yuzhakovmihail/.m2/repository/org/mockito/mockito-junit-jupiter/5.14.2/mockito-junit-jupiter-5.14.2.jar:/home/yuzhakovmihail/.m2/repository/org/skyscreamer/jsonassert/1.5.3/jsonassert-1.5.3.jar:/home/yuzhakovmihail/.m2/repository/com/vaadin/external/google/android-json/0.0.20131108.vaadin1/android-json-0.0.20131108.vaadin1.jar:/home/yuzhakovmihail/.m2/repository/org/springframework/spring-core/6.2.6/spring-core-6.2.6.jar:/home/yuzhakovmihail/.m2/repository/org/springframework/spring-jcl/6.2.6/spring-jcl-6.2.6.jar:/home/yuzhakovmihail/.m2/repository/org/springframework/spring-test/6.2.6/spring-test-6.2.6.jar:/home/yuzhakovmihail/.m2/repository/org/xmlunit/xmlunit-core/2.10.0/xmlunit-core-2.10.0.jar:"/>
    <property name="sun.cpu.endian" value="little"/>
    <property name="user.home" value="/home/yuzhakovmihail"/>
    <property name="user.language" value="ru"/>
    <property name="java.specification.vendor" value="Oracle Corporation"/>
    <property name="java.version.date" value="2025-01-21"/>
    <property name="java.home" value="/home/yuzhakovmihail/.jdks/openjdk-23.0.2"/>
    <property name="file.separator" value="/"/>
    <property name="basedir" value="/media/yuzhakovmihail/DATA/subscriber"/>
    <property name="java.vm.compressedOopsMode" value="Zero based"/>
    <property name="line.separator" value="&#10;"/>
    <property name="java.vm.specification.vendor" value="Oracle Corporation"/>
    <property name="java.specification.name" value="Java Platform API Specification"/>
    <property name="FILE_LOG_CHARSET" value="UTF-8"/>
    <property name="java.awt.headless" value="true"/>
    <property name="surefire.real.class.path" value="/media/yuzhakovmihail/DATA/subscriber/target/surefire/surefirebooter-20250516210129418_3.jar"/>
    <property name="sun.management.compiler" value="HotSpot 64-Bit Tiered Compilers"/>
    <property name="java.runtime.version" value="23.0.2+7-58"/>
    <property name="user.name" value="yuzhakovmihail"/>
    <property name="stdout.encoding" value="UTF-8"/>
    <property name="path.separator" value=":"/>
    <property name="os.version" value="6.11.0-25-generic"/>
    <property name="java.runtime.name" value="OpenJDK Runtime Environment"/>
    <property name="file.encoding" value="UTF-8"/>
    <property name="java.vm.name" value="OpenJDK 64-Bit Server VM"/>
    <property name="localRepository" value="/home/yuzhakovmihail/.m2/repository"/>
    <property name="java.vendor.url.bug" value="https://bugreport.java.com/bugreport/"/>
    <property name="java.io.tmpdir" value="/tmp"/>
    <property name="idea.version" value="2025.1"/>
    <property name="com.zaxxer.hikari.pool_number" value="1"/>
    <property name="java.version" value="23.0.2"/>
    <property name="user.dir" value="/media/yuzhakovmihail/DATA/subscriber"/>
    <property name="os.arch" value="amd64"/>
    <property name="java.vm.specification.name" value="Java Virtual Machine Specification"/>
    <property name="PID" value="11199"/>
    <property name="CONSOLE_LOG_CHARSET" value="UTF-8"/>
    <property name="native.encoding" value="UTF-8"/>
    <property name="java.library.path" value="/usr/java/packages/lib:/usr/lib64:/lib64:/lib:/usr/lib"/>
    <property name="java.vm.info" value="mixed mode, sharing"/>
    <property name="stderr.encoding" value="UTF-8"/>
    <property name="java.vendor" value="Oracle Corporation"/>
    <property name="java.vm.version" value="23.0.2+7-58"/>
    <property name="sun.io.unicode.encoding" value="UnicodeLittle"/>
    <property name="java.class.version" value="67.0"/>
    <property name="LOGGED_APPLICATION_NAME" value="[subscriber] "/>
  </properties>
  <testcase name="getAllUsers_ReturnsListOfUsers" classname="ru.yuzhakov.subscriber.SubscriberApplicationTests" time="0.27">
    <system-out><![CDATA[21:01:30.324 [main] INFO org.springframework.test.context.support.AnnotationConfigContextLoaderUtils -- Could not detect default configuration classes for test class [ru.yuzhakov.subscriber.SubscriberApplicationTests]: SubscriberApplicationTests does not declare any static, non-private, non-final, nested classes annotated with @Configuration.
21:01:30.485 [main] INFO org.springframework.boot.test.context.SpringBootTestContextBootstrapper -- Found @SpringBootConfiguration ru.yuzhakov.subscriber.SubscriberApplication for test class ru.yuzhakov.subscriber.SubscriberApplicationTests

  .   ____          _            __ _ _
 /\\ / ___'_ __ _ _(_)_ __  __ _ \ \ \ \
( ( )\___ | '_ | '_| | '_ \/ _` | \ \ \ \
 \\/  ___)| |_)| | | | | || (_| |  ) ) ) )
  '  |____| .__|_| |_|_| |_\__, | / / / /
 =========|_|==============|___/=/_/_/_/

 :: Spring Boot ::                (v3.4.5)

2025-05-16T21:01:31.111+03:00  INFO 11199 --- [subscriber] [           main] r.y.s.SubscriberApplicationTests         : Starting SubscriberApplicationTests using Java 23.0.2 with PID 11199 (started by yuzhakovmihail in /media/yuzhakovmihail/DATA/subscriber)
2025-05-16T21:01:31.113+03:00  INFO 11199 --- [subscriber] [           main] r.y.s.SubscriberApplicationTests         : No active profile set, falling back to 1 default profile: "default"
2025-05-16T21:01:32.118+03:00  INFO 11199 --- [subscriber] [           main] .s.d.r.c.RepositoryConfigurationDelegate : Multiple Spring Data modules found, entering strict repository configuration mode
2025-05-16T21:01:32.120+03:00  INFO 11199 --- [subscriber] [           main] .s.d.r.c.RepositoryConfigurationDelegate : Bootstrapping Spring Data JDBC repositories in DEFAULT mode.
2025-05-16T21:01:32.164+03:00  INFO 11199 --- [subscriber] [           main] .RepositoryConfigurationExtensionSupport : Spring Data JDBC - Could not safely identify store assignment for repository candidate interface ru.yuzhakov.subscriber.repositories.SubscriptionRepository; If you want this repository to be a JDBC repository, consider annotating your entities with one of these annotations: org.springframework.data.relational.core.mapping.Table.
2025-05-16T21:01:32.166+03:00  INFO 11199 --- [subscriber] [           main] .RepositoryConfigurationExtensionSupport : Spring Data JDBC - Could not safely identify store assignment for repository candidate interface ru.yuzhakov.subscriber.repositories.UserRepository; If you want this repository to be a JDBC repository, consider annotating your entities with one of these annotations: org.springframework.data.relational.core.mapping.Table.
2025-05-16T21:01:32.166+03:00  INFO 11199 --- [subscriber] [           main] .s.d.r.c.RepositoryConfigurationDelegate : Finished Spring Data repository scanning in 38 ms. Found 0 JDBC repository interfaces.
2025-05-16T21:01:32.181+03:00  INFO 11199 --- [subscriber] [           main] .s.d.r.c.RepositoryConfigurationDelegate : Multiple Spring Data modules found, entering strict repository configuration mode
2025-05-16T21:01:32.182+03:00  INFO 11199 --- [subscriber] [           main] .s.d.r.c.RepositoryConfigurationDelegate : Bootstrapping Spring Data JPA repositories in DEFAULT mode.
2025-05-16T21:01:32.217+03:00  INFO 11199 --- [subscriber] [           main] .s.d.r.c.RepositoryConfigurationDelegate : Finished Spring Data repository scanning in 29 ms. Found 2 JPA repository interfaces.
2025-05-16T21:01:33.853+03:00  INFO 11199 --- [subscriber] [           main] com.zaxxer.hikari.HikariDataSource       : HikariPool-1 - Starting...
2025-05-16T21:01:34.309+03:00  INFO 11199 --- [subscriber] [           main] com.zaxxer.hikari.pool.HikariPool        : HikariPool-1 - Added connection org.postgresql.jdbc.PgConnection@30704f85
2025-05-16T21:01:34.312+03:00  INFO 11199 --- [subscriber] [           main] com.zaxxer.hikari.HikariDataSource       : HikariPool-1 - Start completed.
2025-05-16T21:01:34.537+03:00  INFO 11199 --- [subscriber] [           main] liquibase.database                       : Set default schema name to public
2025-05-16T21:01:35.147+03:00  INFO 11199 --- [subscriber] [           main] liquibase.changelog                      : Reading from public.databasechangelog
2025-05-16T21:01:35.244+03:00  INFO 11199 --- [subscriber] [           main] liquibase.ui                             : Database is up to date, no changesets to execute
2025-05-16T21:01:35.246+03:00  INFO 11199 --- [subscriber] [           main] liquibase.changelog                      : Reading from public.databasechangelog
2025-05-16T21:01:35.255+03:00  INFO 11199 --- [subscriber] [           main] liquibase.util                           : UPDATE SUMMARY
2025-05-16T21:01:35.256+03:00  INFO 11199 --- [subscriber] [           main] liquibase.util                           : Run:                          0
2025-05-16T21:01:35.256+03:00  INFO 11199 --- [subscriber] [           main] liquibase.util                           : Previously run:               6
2025-05-16T21:01:35.256+03:00  INFO 11199 --- [subscriber] [           main] liquibase.util                           : Filtered out:                 0
2025-05-16T21:01:35.256+03:00  INFO 11199 --- [subscriber] [           main] liquibase.util                           : -------------------------------
2025-05-16T21:01:35.256+03:00  INFO 11199 --- [subscriber] [           main] liquibase.util                           : Total change sets:            6
2025-05-16T21:01:35.257+03:00  INFO 11199 --- [subscriber] [           main] liquibase.util                           : Update summary generated
2025-05-16T21:01:35.259+03:00  INFO 11199 --- [subscriber] [           main] liquibase.command                        : Command execution complete
2025-05-16T21:01:35.409+03:00  INFO 11199 --- [subscriber] [           main] o.hibernate.jpa.internal.util.LogHelper  : HHH000204: Processing PersistenceUnitInfo [name: default]
2025-05-16T21:01:35.513+03:00  INFO 11199 --- [subscriber] [           main] org.hibernate.Version                    : HHH000412: Hibernate ORM core version 6.6.13.Final
2025-05-16T21:01:35.569+03:00  INFO 11199 --- [subscriber] [           main] o.h.c.internal.RegionFactoryInitiator    : HHH000026: Second-level cache disabled
2025-05-16T21:01:35.776+03:00  INFO 11199 --- [subscriber] [           main] o.s.o.j.p.SpringPersistenceUnitInfo      : No LoadTimeWeaver setup: ignoring JPA class transformer
2025-05-16T21:01:35.881+03:00  INFO 11199 --- [subscriber] [           main] org.hibernate.orm.connections.pooling    : HHH10001005: Database info:
	Database JDBC URL [Connecting through datasource 'HikariDataSource (HikariPool-1)']
	Database driver: undefined/unknown
	Database version: 16.8
	Autocommit mode: undefined/unknown
	Isolation level: undefined/unknown
	Minimum pool size: undefined/unknown
	Maximum pool size: undefined/unknown
2025-05-16T21:01:36.836+03:00  INFO 11199 --- [subscriber] [           main] o.h.e.t.j.p.i.JtaPlatformInitiator       : HHH000489: No JTA platform available (set 'hibernate.transaction.jta.platform' to enable JTA platform integration)
2025-05-16T21:01:36.838+03:00  INFO 11199 --- [subscriber] [           main] j.LocalContainerEntityManagerFactoryBean : Initialized JPA EntityManagerFactory for persistence unit 'default'
2025-05-16T21:01:37.044+03:00  WARN 11199 --- [subscriber] [           main] JpaBaseConfiguration$JpaWebConfiguration : spring.jpa.open-in-view is enabled by default. Therefore, database queries may be performed during view rendering. Explicitly configure spring.jpa.open-in-view to disable this warning
2025-05-16T21:01:37.987+03:00  INFO 11199 --- [subscriber] [           main] o.s.b.t.m.w.SpringBootMockServletContext : Initializing Spring TestDispatcherServlet ''
2025-05-16T21:01:37.987+03:00  INFO 11199 --- [subscriber] [           main] o.s.t.web.servlet.TestDispatcherServlet  : Initializing Servlet ''
2025-05-16T21:01:37.990+03:00  INFO 11199 --- [subscriber] [           main] o.s.t.web.servlet.TestDispatcherServlet  : Completed initialization in 1 ms
2025-05-16T21:01:38.031+03:00  INFO 11199 --- [subscriber] [           main] r.y.s.SubscriberApplicationTests         : Started SubscriberApplicationTests in 7.377 seconds (process running for 8.537)
2025-05-16T21:01:38.181+03:00  INFO 11199 --- [subscriber] [           main] r.y.s.controllers.RestUserController     : Запрос всех пользователей
]]></system-out>
    <system-err><![CDATA[Mockito is currently self-attaching to enable the inline-mock-maker. This will no longer work in future releases of the JDK. Please add Mockito as an agent to your build what is described in Mockito's documentation: https://javadoc.io/doc/org.mockito/mockito-core/latest/org/mockito/Mockito.html#0.3
WARNING: A Java agent has been loaded dynamically (/home/yuzhakovmihail/.m2/repository/net/bytebuddy/byte-buddy-agent/1.15.11/byte-buddy-agent-1.15.11.jar)
WARNING: If a serviceability tool is in use, please run with -XX:+EnableDynamicAgentLoading to hide this warning
WARNING: If a serviceability tool is not in use, please run with -Djdk.instrument.traceUsage for more information
WARNING: Dynamic loading of agents will be disallowed by default in a future release
]]></system-err>
  </testcase>
  <testcase name="deleteUserSubscription_ReturnsUpdatedUser" classname="ru.yuzhakov.subscriber.SubscriberApplicationTests" time="0.023"/>
  <testcase name="addUserSubscription_ReturnsUserWithSubscription" classname="ru.yuzhakov.subscriber.SubscriberApplicationTests" time="0.072"/>
  <testcase name="deleteUser_ReturnsSuccessMessage" classname="ru.yuzhakov.subscriber.SubscriberApplicationTests" time="0.01">
    <system-out><![CDATA[2025-05-16T21:01:38.440+03:00  INFO 11199 --- [subscriber] [           main] r.y.s.controllers.RestUserController     : Удаление пользователя с ID: 1
]]></system-out>
  </testcase>
  <testcase name="getTopThreeSubscriptions_ReturnsTopSubscriptions" classname="ru.yuzhakov.subscriber.SubscriberApplicationTests" time="0.015"/>
  <testcase name="updateUser_ReturnsUpdatedUser" classname="ru.yuzhakov.subscriber.SubscriberApplicationTests" time="0.015"/>
  <testcase name="addUser_ReturnsCreatedUser" classname="ru.yuzhakov.subscriber.SubscriberApplicationTests" time="0.008"/>
  <testcase name="getUserSubscriptions_ReturnsListOfSubscriptions" classname="ru.yuzhakov.subscriber.SubscriberApplicationTests" time="0.009"/>
  <testcase name="getUser_ReturnsUserById" classname="ru.yuzhakov.subscriber.SubscriberApplicationTests" time="0.009">
    <system-out><![CDATA[2025-05-16T21:01:38.506+03:00  INFO 11199 --- [subscriber] [           main] r.y.s.controllers.RestUserController     : Запрос пользователя с ID: 1
]]></system-out>
  </testcase>
</testsuite>